<?xml version="1.0" encoding="UTF-8"?>
<!-- Generated by org.testng.reporters.JUnitXMLReporter -->
<testsuite hostname="LAPTOP-V4UF6TT6" name="Test" tests="3" failures="0" timestamp="30 Mar 2020 08:39:07 GMT" time="0.058" errors="0">
  <testcase name="@BeforeClass starting" time="0.0" classname="com.testcases.AdminTestcases">
    <failure type="java.io.FileNotFoundException" message="https:\opensource-demo.orangehrmlive.com\index.php\auth\validateCredentials (The filename, directory name, or volume label syntax is incorrect)">
      <![CDATA[java.io.FileNotFoundException: https:\opensource-demo.orangehrmlive.com\index.php\auth\validateCredentials (The filename, directory name, or volume label syntax is incorrect)
	at java.io.FileInputStream.open0(Native Method)
	at java.io.FileInputStream.open(Unknown Source)
	at java.io.FileInputStream.<init>(Unknown Source)
	at java.io.FileInputStream.<init>(Unknown Source)
	at com.baseclass.Library.launchApplication(Library.java:18)
	at com.testcases.AdminTestcases.starting(AdminTestcases.java:21)
	at java.util.concurrent.ThreadPoolExecutor.runWorker(Unknown Source)
	at java.util.concurrent.ThreadPoolExecutor$Worker.run(Unknown Source)
	at java.lang.Thread.run(Unknown Source)
... Removed 10 stack frames]]>
    </failure>
  </testcase> <!-- @BeforeClass starting -->
  <testcase name="@BeforeClass startUp" time="0.0" classname="com.testcases.LoginTestcases">
    <failure type="java.io.FileNotFoundException" message="https:\opensource-demo.orangehrmlive.com\index.php\auth\validateCredentials (The filename, directory name, or volume label syntax is incorrect)">
      <![CDATA[java.io.FileNotFoundException: https:\opensource-demo.orangehrmlive.com\index.php\auth\validateCredentials (The filename, directory name, or volume label syntax is incorrect)
	at java.io.FileInputStream.open0(Native Method)
	at java.io.FileInputStream.open(Unknown Source)
	at java.io.FileInputStream.<init>(Unknown Source)
	at java.io.FileInputStream.<init>(Unknown Source)
	at com.baseclass.Library.launchApplication(Library.java:18)
	at com.testcases.LoginTestcases.startUp(LoginTestcases.java:18)
	at java.util.concurrent.ThreadPoolExecutor.runWorker(Unknown Source)
	at java.util.concurrent.ThreadPoolExecutor$Worker.run(Unknown Source)
	at java.lang.Thread.run(Unknown Source)
... Removed 10 stack frames]]>
    </failure>
  </testcase> <!-- @BeforeClass startUp -->
  <testcase name="@BeforeClass starting" time="0.0" classname="com.testcases.LeaveTestcases">
    <failure type="java.io.FileNotFoundException" message="https:\opensource-demo.orangehrmlive.com\index.php\auth\validateCredentials (The filename, directory name, or volume label syntax is incorrect)">
      <![CDATA[java.io.FileNotFoundException: https:\opensource-demo.orangehrmlive.com\index.php\auth\validateCredentials (The filename, directory name, or volume label syntax is incorrect)
	at java.io.FileInputStream.open0(Native Method)
	at java.io.FileInputStream.open(Unknown Source)
	at java.io.FileInputStream.<init>(Unknown Source)
	at java.io.FileInputStream.<init>(Unknown Source)
	at com.baseclass.Library.launchApplication(Library.java:18)
	at com.testcases.LeaveTestcases.starting(LeaveTestcases.java:21)
	at java.util.concurrent.ThreadPoolExecutor.runWorker(Unknown Source)
	at java.util.concurrent.ThreadPoolExecutor$Worker.run(Unknown Source)
	at java.lang.Thread.run(Unknown Source)
... Removed 10 stack frames]]>
    </failure>
  </testcase> <!-- @BeforeClass starting -->
  <testcase name="@AfterClass quit" time="0.0" classname="com.testcases.AdminTestcases">
    <skipped/>
  </testcase> <!-- @AfterClass quit -->
  <testcase name="@AfterClass quit" time="0.0" classname="com.testcases.LeaveTestcases">
    <skipped/>
  </testcase> <!-- @AfterClass quit -->
  <testcase name="@AfterClass close" time="0.0" classname="com.testcases.LoginTestcases">
    <skipped/>
  </testcase> <!-- @AfterClass close -->
  <testcase name="leave" time="0.001" classname="com.testcases.LeaveTestcases">
    <skipped/>
  </testcase> <!-- leave -->
  <testcase name="admin" time="0.001" classname="com.testcases.AdminTestcases">
    <skipped/>
  </testcase> <!-- admin -->
  <testcase name="login" time="0.002" classname="com.testcases.LoginTestcases">
    <skipped/>
  </testcase> <!-- login -->
</testsuite> <!-- Test -->
