<?xml version="1.0" encoding="UTF-8"?>
<testng-results skipped="1" failed="0" total="1" passed="0">
  <reporter-output>
  </reporter-output>
  <suite name="Default suite" duration-ms="46" started-at="2020-03-30T08:46:45Z" finished-at="2020-03-30T08:46:46Z">
    <groups>
    </groups>
    <test name="Default test" duration-ms="46" started-at="2020-03-30T08:46:45Z" finished-at="2020-03-30T08:46:46Z">
      <class name="com.testcases.LeaveTestcases">
        <test-method status="FAIL" signature="starting()[pri:0, instance:com.testcases.LeaveTestcases@13a5fe33]" name="starting" is-config="true" duration-ms="0" started-at="2020-03-30T14:16:45Z" finished-at="2020-03-30T14:16:45Z">
          <exception class="java.io.FileNotFoundException">
            <message>
              <![CDATA[https:\opensource-demo.orangehrmlive.com\index.php\auth\validateCredentials (The filename, directory name, or volume label syntax is incorrect)]]>
            </message>
            <full-stacktrace>
              <![CDATA[java.io.FileNotFoundException: https:\opensource-demo.orangehrmlive.com\index.php\auth\validateCredentials (The filename, directory name, or volume label syntax is incorrect)
	at java.io.FileInputStream.open0(Native Method)
	at java.io.FileInputStream.open(Unknown Source)
	at java.io.FileInputStream.<init>(Unknown Source)
	at java.io.FileInputStream.<init>(Unknown Source)
	at com.baseclass.Library.launchApplication(Library.java:18)
	at com.testcases.LeaveTestcases.starting(LeaveTestcases.java:21)
	at sun.reflect.NativeMethodAccessorImpl.invoke0(Native Method)
	at sun.reflect.NativeMethodAccessorImpl.invoke(Unknown Source)
	at sun.reflect.DelegatingMethodAccessorImpl.invoke(Unknown Source)
	at java.lang.reflect.Method.invoke(Unknown Source)
	at org.testng.internal.MethodInvocationHelper.invokeMethod(MethodInvocationHelper.java:100)
	at org.testng.internal.Invoker.invokeConfigurationMethod(Invoker.java:515)
	at org.testng.internal.Invoker.invokeConfigurations(Invoker.java:216)
	at org.testng.internal.Invoker.invokeConfigurations(Invoker.java:143)
	at org.testng.internal.TestMethodWorker.invokeBeforeClassMethods(TestMethodWorker.java:169)
	at org.testng.internal.TestMethodWorker.run(TestMethodWorker.java:108)
	at org.testng.TestRunner.privateRun(TestRunner.java:753)
	at org.testng.TestRunner.run(TestRunner.java:607)
	at org.testng.SuiteRunner.runTest(SuiteRunner.java:368)
	at org.testng.SuiteRunner.runSequentially(SuiteRunner.java:363)
	at org.testng.SuiteRunner.privateRun(SuiteRunner.java:321)
	at org.testng.SuiteRunner.run(SuiteRunner.java:270)
	at org.testng.SuiteRunnerWorker.runSuite(SuiteRunnerWorker.java:52)
	at org.testng.SuiteRunnerWorker.run(SuiteRunnerWorker.java:86)
	at org.testng.TestNG.runSuitesSequentially(TestNG.java:1284)
	at org.testng.TestNG.runSuitesLocally(TestNG.java:1209)
	at org.testng.TestNG.runSuites(TestNG.java:1124)
	at org.testng.TestNG.run(TestNG.java:1096)
	at org.testng.remote.AbstractRemoteTestNG.run(AbstractRemoteTestNG.java:132)
	at org.testng.remote.RemoteTestNG.initAndRun(RemoteTestNG.java:236)
	at org.testng.remote.RemoteTestNG.main(RemoteTestNG.java:81)
]]>
            </full-stacktrace>
          </exception> <!-- java.io.FileNotFoundException -->
          <reporter-output>
          </reporter-output>
        </test-method> <!-- starting -->
        <test-method status="SKIP" signature="leave()[pri:0, instance:com.testcases.LeaveTestcases@13a5fe33]" name="leave" duration-ms="1" started-at="2020-03-30T14:16:46Z" finished-at="2020-03-30T14:16:46Z">
          <reporter-output>
          </reporter-output>
        </test-method> <!-- leave -->
        <test-method status="SKIP" signature="quit()[pri:0, instance:com.testcases.LeaveTestcases@13a5fe33]" name="quit" is-config="true" duration-ms="0" started-at="2020-03-30T14:16:46Z" finished-at="2020-03-30T14:16:46Z">
          <reporter-output>
          </reporter-output>
        </test-method> <!-- quit -->
      </class> <!-- com.testcases.LeaveTestcases -->
    </test> <!-- Default test -->
  </suite> <!-- Default suite -->
</testng-results>
